<?xml version="1.0" encoding="utf-8"?><testsuites name="pytest tests"><testsuite name="pytest" errors="0" failures="0" skipped="0" tests="9" time="2.292" timestamp="2026-05-08T20:16:26.558964+00:00" hostname="agent-env-68696e73-0bda-488f-82a5-a357904cab75"><testcase classname="backend.tests.test_awkwardish.TestRoot" name="test_root" time="0.219" /><testcase classname="backend.tests.test_awkwardish.TestStatus" name="test_create_and_list_status" time="0.106" /><testcase classname="backend.tests.test_awkwardish.TestEpisodes" name="test_episodes_default" time="0.233" /><testcase classname="backend.tests.test_awkwardish.TestEpisodes" name="test_episodes_limit" time="0.047" /><testcase classname="backend.tests.test_awkwardish.TestEpisodes" name="test_episodes_cached" time="0.093" /><testcase classname="backend.tests.test_awkwardish.TestNewsletter" name="test_subscribe_success" time="0.974" /><testcase classname="backend.tests.test_awkwardish.TestNewsletter" name="test_subscribe_idempotent" time="0.405" /><testcase classname="backend.tests.test_awkwardish.TestNewsletter" name="test_subscribe_invalid_email" time="0.051" /><testcase classname="backend.tests.test_awkwardish.TestNewsletter" name="test_subscribe_missing_email" time="0.045" /></testsuite></testsuites>